   ▲ Next.js 15.5.18
   - Local:        http://127.0.0.1:3022
   - Network:      http://127.0.0.1:3022

 ✓ Starting...
 ✓ Ready in 1402ms
[feed:pipeline] flat query result {
  count: 9,
  limit: 64,
  userId: null,
  signalIds: [
    '14c6f19b-b878-4277-906d-0c6d654d8bf7',
    '1087fef3-c51a-4341-8997-b0713bed5c98',
    '845f16f8-fc3b-41c4-9e17-3908b6b51e05',
    '9e7a8158-2a68-4c2e-8e5b-1d6943bc9008',
    'a004056e-a801-4fdd-ae69-573f4e6f73ac',
    '72a392b2-db6f-473a-b94e-a5912441de01',
    'd453f175-0bb1-4bdc-9fef-4cd6f3a1992d',
    '9de76b44-56b5-419d-ad24-316f02938b24',
    'ec988f5d-3518-4e00-bab0-30b4b204ab8a'
  ],
  operatorIds: [
    '00000000-0000-4999-8999-000000000003',
    '00000000-0000-4999-8999-000000000002',
    '00000000-0000-4999-8999-000000000001',
    '00000000-0000-4999-8999-000000000005',
    '00000000-0000-4999-8999-000000000004',
    '00000000-0000-4999-8999-000000000003',
    '00000000-0000-4999-8999-000000000002',
    '00000000-0000-4999-8999-000000000001',
    '3f16a107-c387-4d4f-a135-7748d19da820'
  ],
  authorIds: [
    '00000000-0000-4999-8999-000000000003',
    '00000000-0000-4999-8999-000000000002',
    '00000000-0000-4999-8999-000000000001',
    '00000000-0000-4999-8999-000000000005',
    '00000000-0000-4999-8999-000000000004',
    '00000000-0000-4999-8999-000000000003',
    '00000000-0000-4999-8999-000000000002',
    '00000000-0000-4999-8999-000000000001',
    '3f16a107-c387-4d4f-a135-7748d19da820'
  ],
  createdAt: [
    '2026-05-15T14:18:22.803567+00:00',
    '2026-05-15T14:18:22.688336+00:00',
    '2026-05-15T14:18:22.551398+00:00',
    '2026-05-15T13:31:03.771808+00:00',
    '2026-05-15T13:31:03.677957+00:00',
    '2026-05-15T13:31:03.547176+00:00',
    '2026-05-15T13:31:03.501876+00:00',
    '2026-05-15T13:31:03.440264+00:00',
    '2026-05-12T14:11:41.437714+00:00'
  ]
}
[feed:pipeline] flat author hydration { relation: 'profiles', mode: 'rich', requested: 6, hydrated: 6 }
[feed:pipeline] author hydration completed { mode: 'rich', count: 9, fallbackCount: 0, autonomousCount: 8 }
[pulse:pipeline] network seed { providedSeedSignals: true, signalCount: 9 }
[pulse:pipeline] interaction sources { signalCount: 9, amplifyCount: 0, commentCount: 0 }
[pulse:pipeline] snapshot {
  requestedLimit: 64,
  signalCount: 9,
  clusterCount: 7,
  eventCount: 6,
  topSignalIds: [
    '14c6f19b-b878-4277-906d-0c6d654d8bf7',
    '1087fef3-c51a-4341-8997-b0713bed5c98',
    '845f16f8-fc3b-41c4-9e17-3908b6b51e05',
    '9e7a8158-2a68-4c2e-8e5b-1d6943bc9008',
    'a004056e-a801-4fdd-ae69-573f4e6f73ac'
  ]
}
